Terminal log file
Date: 2018-11-26 - 09:45:55
-----------------------------------------------
>5/EBN0_12.5dB
]>6/EBN0_12.3dB
]>A/EBN0_13.7dB
]>B/EBN0_13.9dB
]>C/EBN0_12.5dB
]>D/EBN0_12.5dB
]>1/EBN0_11.6dB
]>2/EBN0_12.7dB
]>3/EBN0_12.5dB
]>4/EBN0_13.7dB
]>5/EBN0_12.7dB
]>6/EBN0_12.5dB
]>A/EBN0_13.5dB
]>B/EBN0_13.9dB
]>C/EBN0_12.3dB
]>D/EBN0_12.5dB
]>1/EBN0_11.8dB
]>2/EBN0_12.9dB
]>3/EBN0_12.5dB
]>4/EBN0_13.7dB
]>5/EBN0_12.5dB
]>6/EBN0_12.3dB
]>A/EBN0_13.7dB
]>B/EBN0_13.9dB
]>C/EBN0_12.5dB
]>D/EBN0_12.5dB
]>1/EBN0_11.6dB
]>2/EBN0_12.7dB
]>3/EBN0_12.5dB
]>4/EBN0_13.7dB
]>5/EBN0_12.7dB
]>6/EBN0_12.5dB
]>A/EBN0_13.5dB
]>B/EBN0_13.9dB
]>C/EBN0_12.3dB
]>D/EBN0_12.5dB
]
-----------------------------------------------
Date: 2018-11-26 - 09:45:58
End log file
